<?xml version="1.0" encoding="UTF-8"?>
<!-- Generated by org.testng.reporters.JUnitReportReporter -->
<testsuite hostname="DANIEL" failures="0" tests="1" name="SeleniumTraining.GooglePage_Test" time="0.143" errors="0" timestamp="2021-07-07T10:57:16 ART" skipped="0">
  <testcase classname="SeleniumTraining.GooglePage_Test" name="test" time="0.143"/>
  <system-out/>
</testsuite> <!-- SeleniumTraining.GooglePage_Test -->
