<?xml version="1.0" encoding="UTF-8"?>
<!-- Generated by org.testng.reporters.JUnitReportReporter -->
<testsuite hostname="DANIEL" failures="0" tests="1" name="SeleniumTraining.Ejercicio3_Test" time="7.116" errors="0" timestamp="2021-07-08T16:05:27 ART" skipped="0">
  <testcase classname="SeleniumTraining.Ejercicio3_Test" name="test" time="7.116"/>
  <system-out/>
</testsuite> <!-- SeleniumTraining.Ejercicio3_Test -->
